<?xml version="1.0" encoding="UTF-8"?>
<!-- Generated by org.testng.reporters.JUnitXMLReporter -->
<testsuite ignored="4" hostname="DESKTOP-95QGOG2" failures="0" tests="11" name="Open MRS Automation Tests" time="231.191" errors="0" timestamp="02 May 2020 14:37:28 GMT">
  <testcase classname="com.openmrs.tests.ServiceTypeTest" name="T_008_CreateServiceTypes" time="57.258"/>
  <testcase classname="com.openmrs.tests.ServiceTypeTest" name="T_008_CreateServiceTypes" time="61.972"/>
  <testcase classname="com.openmrs.tests.RegisterPatientTest" name="T_003_RegisterNewPatient" time="60.174"/>
  <testcase classname="com.openmrs.tests.ServiceTypeTest" name="T_008_CreateServiceTypes" time="62.583"/>
  <testcase classname="com.openmrs.tests.ServiceTypeTest" name="T_009_VerifyServiceTypes" time="25.079"/>
  <testcase classname="com.openmrs.tests.ServiceTypeTest" name="T_009_VerifyServiceTypes" time="26.457"/>
  <testcase classname="com.openmrs.tests.ServiceTypeTest" name="T_009_VerifyServiceTypes" time="26.411"/>
  <testcase classname="com.openmrs.tests.CaptureVitalsTest" name="T_006_CreateAVisitAndCaptureVitals" time="75.143"/>
  <testcase classname="com.openmrs.tests.RegisterPatientTest" name="T_004_ConfirmPatientRegisteredUsingPatientID" time="73.624"/>
  <testcase classname="com.openmrs.tests.CaptureVitalsTest" name="T_007_VerifyVitals" time="39.263"/>
  <testcase classname="com.openmrs.tests.RegisterPatientTest" name="T_005_ConfirmPatientRegisteredUsingPatientName" time="45.122"/>
  <testcase classname="com.openmrs.tests.BaseTest" name="@BeforeSuite beforeSuite" time="0.0">
    <ignored/>
  </testcase> <!-- @BeforeSuite beforeSuite -->
  <testcase classname="com.openmrs.tests.BaseTest" name="@BeforeSuite beforeSuite" time="0.0">
    <ignored/>
  </testcase> <!-- @BeforeSuite beforeSuite -->
  <testcase classname="com.openmrs.tests.BaseTest" name="@AfterSuite afterSuite" time="0.0">
    <ignored/>
  </testcase> <!-- @AfterSuite afterSuite -->
  <testcase classname="com.openmrs.tests.BaseTest" name="@AfterSuite afterSuite" time="0.0">
    <ignored/>
  </testcase> <!-- @AfterSuite afterSuite -->
</testsuite> <!-- Open MRS Automation Tests -->
