<?xml version="1.0" encoding="UTF-8"?>
<!-- Generated by org.testng.reporters.JUnitXMLReporter -->
<testsuite ignored="4" hostname="DESKTOP-95QGOG2" failures="3" tests="12" name="ServiceNowTests" time="239.213" errors="0" timestamp="19 Apr 2020 09:12:08 GMT">
  <testcase classname="com.openmrs.tests.ServiceTypeTest" name="T_008_CreateServiceTypes" time="32.539"/>
  <testcase classname="com.openmrs.tests.ServiceTypeTest" name="T_008_CreateServiceTypes" time="34.449"/>
  <testcase classname="com.openmrs.tests.RegisterPatientTest" name="T_003_RegisterNewPatient" time="37.823"/>
  <testcase classname="com.openmrs.tests.ServiceTypeTest" name="T_008_CreateServiceTypes" time="36.919"/>
  <testcase classname="com.openmrs.tests.ServiceTypeTest" name="T_009_VerifyServiceTypes" time="28.115"/>
  <testcase classname="com.openmrs.tests.ServiceTypeTest" name="T_009_VerifyServiceTypes" time="36.794"/>
  <testcase classname="com.openmrs.tests.RegisterPatientTest" name="T_004_ConfirmPatientRegisteredUsingPatientID" time="49.271"/>
  <testcase classname="com.openmrs.tests.RegisterPatientTest" name="T_005_ConfirmPatientRegisteredUsingPatientName" time="11.475">
    <failure type="java.lang.AssertionError" message="T_005_ConfirmPatientRegisteredUsingPatientName :: Unable to Find Patient by Patient Name">
      <![CDATA[java.lang.AssertionError: T_005_ConfirmPatientRegisteredUsingPatientName :: Unable to Find Patient by Patient Name
at com.openmrs.tests.BaseTest.reportFailure(BaseTest.java:67)
at com.openmrs.tests.RegisterPatientTest.T_005_ConfirmPatientRegisteredUsingPatientName(RegisterPatientTest.java:125)
at java.base/java.util.concurrent.FutureTask.run(FutureTask.java:264)
at java.base/java.util.concurrent.Executors$RunnableAdapter.call(Executors.java:515)
at java.base/java.util.concurrent.FutureTask.run(FutureTask.java:264)
at java.base/java.util.concurrent.ThreadPoolExecutor.runWorker(ThreadPoolExecutor.java:1128)
at java.base/java.util.concurrent.ThreadPoolExecutor$Worker.run(ThreadPoolExecutor.java:628)
at java.base/java.lang.Thread.run(Thread.java:830)
... Removed 10 stack frames]]>
    </failure>
  </testcase> <!-- T_005_ConfirmPatientRegisteredUsingPatientName -->
  <testcase classname="com.openmrs.tests.CaptureVitalsTest" name="T_006_CreateAVisitAndCaptureVitals" time="73.454"/>
  <testcase classname="com.openmrs.tests.CaptureVitalsTest" name="T_007_VerifyVitals" time="23.05"/>
  <testcase classname="com.openmrs.tests.ServiceTypeTest" name="T_009_VerifyServiceTypes" time="170.761">
    <failure type="java.lang.NullPointerException">
      <![CDATA[java.lang.NullPointerException
at org.openqa.selenium.support.pagefactory.internal.LocatingElementHandler.invoke(LocatingElementHandler.java:51)
at com.sun.proxy.$Proxy15.click(Unknown Source)
at com.openmrs.pages.Page_ManageServiceType.checkIfServiceTypeExist(Page_ManageServiceType.java:60)
at com.openmrs.tests.ServiceTypeTest.T_009_VerifyServiceTypes(ServiceTypeTest.java:109)
at java.base/java.util.concurrent.FutureTask.run(FutureTask.java:264)
at java.base/java.util.concurrent.Executors$RunnableAdapter.call(Executors.java:515)
at java.base/java.util.concurrent.FutureTask.run(FutureTask.java:264)
at java.base/java.util.concurrent.ThreadPoolExecutor.runWorker(ThreadPoolExecutor.java:1128)
at java.base/java.util.concurrent.ThreadPoolExecutor$Worker.run(ThreadPoolExecutor.java:628)
at java.base/java.lang.Thread.run(Thread.java:830)
... Removed 10 stack frames]]>
    </failure>
  </testcase> <!-- T_009_VerifyServiceTypes -->
  <testcase classname="com.openmrs.tests.ServiceTypeTest" name="T_009_VerifyServiceTypes" time="185.43">
    <failure type="org.testng.TestNGException" message="java.util.concurrent.ExecutionException: java.lang.NullPointerException">
      <![CDATA[org.testng.TestNGException: java.util.concurrent.ExecutionException: java.lang.NullPointerException
at java.base/java.util.concurrent.ThreadPoolExecutor.runWorker(ThreadPoolExecutor.java:1128)
at java.base/java.util.concurrent.ThreadPoolExecutor$Worker.run(ThreadPoolExecutor.java:628)
at java.base/java.lang.Thread.run(Thread.java:830)
Caused by: java.util.concurrent.ExecutionException: java.lang.NullPointerException
at java.base/java.util.concurrent.FutureTask.report(FutureTask.java:122)
at java.base/java.util.concurrent.FutureTask.get(FutureTask.java:191)
... 6 more
Caused by: java.lang.NullPointerException
at java.base/java.util.Hashtable.put(Hashtable.java:475)
at com.openmrs.listeners.CustomListener.report(CustomListener.java:160)
at com.openmrs.listeners.CustomListener.onTestFailure(CustomListener.java:65)
at java.base/java.util.concurrent.FutureTask.run(FutureTask.java:264)
at java.base/java.util.concurrent.Executors$RunnableAdapter.call(Executors.java:515)
at java.base/java.util.concurrent.FutureTask.run(FutureTask.java:264)
... 3 more
... Removed 11 stack frames]]>
    </failure>
  </testcase> <!-- T_009_VerifyServiceTypes -->
  <testcase classname="com.openmrs.tests.BaseTest" name="@BeforeSuite beforeSuite" time="0.0">
    <ignored/>
  </testcase> <!-- @BeforeSuite beforeSuite -->
  <testcase classname="com.openmrs.tests.BaseTest" name="@BeforeSuite beforeSuite" time="0.0">
    <ignored/>
  </testcase> <!-- @BeforeSuite beforeSuite -->
  <testcase classname="com.openmrs.tests.BaseTest" name="@AfterSuite afterSuite" time="0.0">
    <ignored/>
  </testcase> <!-- @AfterSuite afterSuite -->
  <testcase classname="com.openmrs.tests.BaseTest" name="@AfterSuite afterSuite" time="0.0">
    <ignored/>
  </testcase> <!-- @AfterSuite afterSuite -->
</testsuite> <!-- ServiceNowTests -->
