<?xml version="1.0" encoding="UTF-8"?>
<testng-results ignored="4" total="15" passed="11" failed="0" skipped="0">
  <reporter-output>
  </reporter-output>
  <suite started-at="2020-05-02T14:33:36Z" name="Open MRS Automation" finished-at="2020-05-02T14:37:28Z" duration-ms="231191">
    <groups>
      <group name="servicetype">
        <method signature="ServiceTypeTest.T_008_CreateServiceTypes(java.util.Hashtable, java.lang.reflect.Method, org.testng.ITestContext)[pri:0, instance:com.openmrs.tests.ServiceTypeTest@222545dc]" name="T_008_CreateServiceTypes" class="com.openmrs.tests.ServiceTypeTest"/>
        <method signature="ServiceTypeTest.T_009_VerifyServiceTypes(java.util.Hashtable, java.lang.reflect.Method, org.testng.ITestContext)[pri:0, instance:com.openmrs.tests.ServiceTypeTest@222545dc]" name="T_009_VerifyServiceTypes" class="com.openmrs.tests.ServiceTypeTest"/>
      </group> <!-- servicetype -->
      <group name="registerpatient">
        <method signature="RegisterPatientTest.T_003_RegisterNewPatient(java.util.Hashtable, java.lang.reflect.Method, org.testng.ITestContext)[pri:0, instance:com.openmrs.tests.RegisterPatientTest@6c64cb25]" name="T_003_RegisterNewPatient" class="com.openmrs.tests.RegisterPatientTest"/>
      </group> <!-- registerpatient -->
    </groups>
    <test started-at="2020-05-02T14:33:36Z" name="Open MRS Automation Tests" finished-at="2020-05-02T14:37:28Z" duration-ms="231191">
      <class name="com.openmrs.tests.RegisterPatientTest">
        <test-method is-config="true" signature="beforeSuite()[pri:0, instance:com.openmrs.tests.RegisterPatientTest@6c64cb25]" started-at="2020-05-02T14:33:36Z" name="beforeSuite" finished-at="2020-05-02T14:33:36Z" duration-ms="181" status="PASS">
          <reporter-output>
          </reporter-output>
        </test-method> <!-- beforeSuite -->
        <test-method is-config="true" signature="setUp()[pri:0, instance:com.openmrs.tests.RegisterPatientTest@6c64cb25]" started-at="2020-05-02T14:33:37Z" name="setUp" finished-at="2020-05-02T14:33:56Z" duration-ms="19432" status="PASS">
          <reporter-output>
          </reporter-output>
        </test-method> <!-- setUp -->
        <test-method signature="T_003_RegisterNewPatient(java.util.Hashtable, java.lang.reflect.Method, org.testng.ITestContext)[pri:0, instance:com.openmrs.tests.RegisterPatientTest@6c64cb25]" started-at="2020-05-02T14:33:56Z" name="T_003_RegisterNewPatient" description="Register a patient" finished-at="2020-05-02T14:34:56Z" duration-ms="60174" status="PASS">
          <params>
            <param index="0">
              <value>
                <![CDATA[{Year=1996, FamilyName=User, Runmode=Y, Month=June, Address=India, GivenName=Automation, ExpectedResult=Successful, Day=30, Gender=Male, Browser=Chrome}]]>
              </value>
            </param>
            <param index="1">
              <value>
                <![CDATA[public void com.openmrs.tests.RegisterPatientTest.T_003_RegisterNewPatient(java.util.Hashtable,java.lang.reflect.Method,org.testng.ITestContext)]]>
              </value>
            </param>
            <param index="2">
              <value>
                <![CDATA[org.testng.TestRunner@986bbc3]]>
              </value>
            </param>
          </params>
          <reporter-output>
          </reporter-output>
        </test-method> <!-- T_003_RegisterNewPatient -->
        <test-method is-config="true" signature="wrapUp()[pri:0, instance:com.openmrs.tests.RegisterPatientTest@6c64cb25]" started-at="2020-05-02T14:34:56Z" name="wrapUp" finished-at="2020-05-02T14:34:58Z" duration-ms="1244" status="PASS">
          <reporter-output>
          </reporter-output>
        </test-method> <!-- wrapUp -->
        <test-method is-config="true" signature="setUp()[pri:0, instance:com.openmrs.tests.RegisterPatientTest@6c64cb25]" started-at="2020-05-02T14:34:58Z" name="setUp" finished-at="2020-05-02T14:35:14Z" duration-ms="16463" status="PASS">
          <reporter-output>
          </reporter-output>
        </test-method> <!-- setUp -->
        <test-method signature="T_004_ConfirmPatientRegisteredUsingPatientID(java.util.Hashtable, java.lang.reflect.Method, org.testng.ITestContext)[pri:0, instance:com.openmrs.tests.RegisterPatientTest@6c64cb25]" started-at="2020-05-02T14:35:14Z" name="T_004_ConfirmPatientRegisteredUsingPatientID" description="Confirm patient registered using Patient ID" depends-on-groups="registerpatient" finished-at="2020-05-02T14:36:28Z" duration-ms="73624" status="PASS">
          <params>
            <param index="0">
              <value>
                <![CDATA[{Year=1996, FamilyName=User, Runmode=Y, Month=June, Address=India, GivenName=Automation, ExpectedResult=Successful, Day=30, Gender=Male, Browser=Chrome}]]>
              </value>
            </param>
            <param index="1">
              <value>
                <![CDATA[public void com.openmrs.tests.RegisterPatientTest.T_004_ConfirmPatientRegisteredUsingPatientID(java.util.Hashtable,java.lang.reflect.Method,org.testng.ITestContext)]]>
              </value>
            </param>
            <param index="2">
              <value>
                <![CDATA[org.testng.TestRunner@986bbc3]]>
              </value>
            </param>
          </params>
          <reporter-output>
          </reporter-output>
        </test-method> <!-- T_004_ConfirmPatientRegisteredUsingPatientID -->
        <test-method is-config="true" signature="wrapUp()[pri:0, instance:com.openmrs.tests.RegisterPatientTest@6c64cb25]" started-at="2020-05-02T14:36:28Z" name="wrapUp" finished-at="2020-05-02T14:36:29Z" duration-ms="942" status="PASS">
          <reporter-output>
          </reporter-output>
        </test-method> <!-- wrapUp -->
        <test-method is-config="true" signature="setUp()[pri:0, instance:com.openmrs.tests.RegisterPatientTest@6c64cb25]" started-at="2020-05-02T14:36:29Z" name="setUp" finished-at="2020-05-02T14:36:42Z" duration-ms="12899" status="PASS">
          <reporter-output>
          </reporter-output>
        </test-method> <!-- setUp -->
        <test-method signature="T_005_ConfirmPatientRegisteredUsingPatientName(java.util.Hashtable, java.lang.reflect.Method, org.testng.ITestContext)[pri:0, instance:com.openmrs.tests.RegisterPatientTest@6c64cb25]" started-at="2020-05-02T14:36:42Z" name="T_005_ConfirmPatientRegisteredUsingPatientName" description="Confirm patient registered using Patient Name" depends-on-groups="registerpatient" finished-at="2020-05-02T14:37:27Z" duration-ms="45122" status="PASS">
          <params>
            <param index="0">
              <value>
                <![CDATA[{Year=1996, FamilyName=User, Runmode=Y, Month=June, Address=India, GivenName=Automation, ExpectedResult=Successful, Day=30, Gender=Male, Browser=Chrome}]]>
              </value>
            </param>
            <param index="1">
              <value>
                <![CDATA[public void com.openmrs.tests.RegisterPatientTest.T_005_ConfirmPatientRegisteredUsingPatientName(java.util.Hashtable,java.lang.reflect.Method,org.testng.ITestContext)]]>
              </value>
            </param>
            <param index="2">
              <value>
                <![CDATA[org.testng.TestRunner@986bbc3]]>
              </value>
            </param>
          </params>
          <reporter-output>
          </reporter-output>
        </test-method> <!-- T_005_ConfirmPatientRegisteredUsingPatientName -->
        <test-method is-config="true" signature="wrapUp()[pri:0, instance:com.openmrs.tests.RegisterPatientTest@6c64cb25]" started-at="2020-05-02T14:37:27Z" name="wrapUp" finished-at="2020-05-02T14:37:28Z" duration-ms="833" status="PASS">
          <reporter-output>
          </reporter-output>
        </test-method> <!-- wrapUp -->
        <test-method is-config="true" signature="afterSuite()[pri:0, instance:com.openmrs.tests.RegisterPatientTest@6c64cb25]" started-at="2020-05-02T14:37:28Z" name="afterSuite" finished-at="2020-05-02T14:37:30Z" duration-ms="2191" status="PASS">
          <reporter-output>
          </reporter-output>
        </test-method> <!-- afterSuite -->
      </class> <!-- com.openmrs.tests.RegisterPatientTest -->
      <class name="com.openmrs.tests.CaptureVitalsTest">
        <test-method is-config="true" signature="setUp()[pri:0, instance:com.openmrs.tests.CaptureVitalsTest@6ae5aa72]" started-at="2020-05-02T14:34:58Z" name="setUp" finished-at="2020-05-02T14:35:10Z" duration-ms="12435" status="PASS">
          <reporter-output>
          </reporter-output>
        </test-method> <!-- setUp -->
        <test-method signature="T_006_CreateAVisitAndCaptureVitals(java.util.Hashtable, java.lang.reflect.Method, org.testng.ITestContext)[pri:0, instance:com.openmrs.tests.CaptureVitalsTest@6ae5aa72]" started-at="2020-05-02T14:35:10Z" name="T_006_CreateAVisitAndCaptureVitals" description="Create a visit and capture vitals" depends-on-groups="registerpatient" finished-at="2020-05-02T14:36:25Z" duration-ms="75143" status="PASS">
          <params>
            <param index="0">
              <value>
                <![CDATA[{Diastolic=80, Height=172, Runmode=Y, ExpectedBMI=22, Systolic=120, Pulse=90, Weight=65, ExpectedResult=Successful, Browser=Chrome, Temperature=35.3}]]>
              </value>
            </param>
            <param index="1">
              <value>
                <![CDATA[public void com.openmrs.tests.CaptureVitalsTest.T_006_CreateAVisitAndCaptureVitals(java.util.Hashtable,java.lang.reflect.Method,org.testng.ITestContext)]]>
              </value>
            </param>
            <param index="2">
              <value>
                <![CDATA[org.testng.TestRunner@986bbc3]]>
              </value>
            </param>
          </params>
          <reporter-output>
          </reporter-output>
        </test-method> <!-- T_006_CreateAVisitAndCaptureVitals -->
        <test-method is-config="true" signature="wrapUp()[pri:0, instance:com.openmrs.tests.CaptureVitalsTest@6ae5aa72]" started-at="2020-05-02T14:36:25Z" name="wrapUp" finished-at="2020-05-02T14:36:26Z" duration-ms="1109" status="PASS">
          <reporter-output>
          </reporter-output>
        </test-method> <!-- wrapUp -->
        <test-method is-config="true" signature="setUp()[pri:0, instance:com.openmrs.tests.CaptureVitalsTest@6ae5aa72]" started-at="2020-05-02T14:36:26Z" name="setUp" finished-at="2020-05-02T14:36:39Z" duration-ms="12929" status="PASS">
          <reporter-output>
          </reporter-output>
        </test-method> <!-- setUp -->
        <test-method signature="T_007_VerifyVitals(java.util.Hashtable, java.lang.reflect.Method, org.testng.ITestContext)[pri:0, instance:com.openmrs.tests.CaptureVitalsTest@6ae5aa72]" started-at="2020-05-02T14:36:39Z" name="T_007_VerifyVitals" description="Verify Vitals" depends-on-groups="registerpatient" finished-at="2020-05-02T14:37:19Z" duration-ms="39263" status="PASS">
          <params>
            <param index="0">
              <value>
                <![CDATA[{Diastolic=80, Height=172, Runmode=Y, ExpectedBMI=22, Systolic=120, Pulse=90, Weight=65, ExpectedResult=Successful, Browser=Chrome, Temperature=35.3}]]>
              </value>
            </param>
            <param index="1">
              <value>
                <![CDATA[public void com.openmrs.tests.CaptureVitalsTest.T_007_VerifyVitals(java.util.Hashtable,java.lang.reflect.Method,org.testng.ITestContext)]]>
              </value>
            </param>
            <param index="2">
              <value>
                <![CDATA[org.testng.TestRunner@986bbc3]]>
              </value>
            </param>
          </params>
          <reporter-output>
          </reporter-output>
        </test-method> <!-- T_007_VerifyVitals -->
        <test-method is-config="true" signature="wrapUp()[pri:0, instance:com.openmrs.tests.CaptureVitalsTest@6ae5aa72]" started-at="2020-05-02T14:37:19Z" name="wrapUp" finished-at="2020-05-02T14:37:19Z" duration-ms="747" status="PASS">
          <reporter-output>
          </reporter-output>
        </test-method> <!-- wrapUp -->
      </class> <!-- com.openmrs.tests.CaptureVitalsTest -->
      <class name="com.openmrs.tests.ServiceTypeTest">
        <test-method is-config="true" signature="setUp()[pri:0, instance:com.openmrs.tests.ServiceTypeTest@222545dc]" started-at="2020-05-02T14:33:37Z" name="setUp" finished-at="2020-05-02T14:33:56Z" duration-ms="18871" status="PASS">
          <reporter-output>
          </reporter-output>
        </test-method> <!-- setUp -->
        <test-method is-config="true" signature="setUp()[pri:0, instance:com.openmrs.tests.ServiceTypeTest@222545dc]" started-at="2020-05-02T14:33:37Z" name="setUp" finished-at="2020-05-02T14:33:54Z" duration-ms="17029" status="PASS">
          <reporter-output>
          </reporter-output>
        </test-method> <!-- setUp -->
        <test-method is-config="true" signature="setUp()[pri:0, instance:com.openmrs.tests.ServiceTypeTest@222545dc]" started-at="2020-05-02T14:33:37Z" name="setUp" finished-at="2020-05-02T14:33:54Z" duration-ms="17333" status="PASS">
          <reporter-output>
          </reporter-output>
        </test-method> <!-- setUp -->
        <test-method signature="T_008_CreateServiceTypes(java.util.Hashtable, java.lang.reflect.Method, org.testng.ITestContext)[pri:0, instance:com.openmrs.tests.ServiceTypeTest@222545dc]" started-at="2020-05-02T14:33:54Z" name="T_008_CreateServiceTypes" description="Adding Service Type" finished-at="2020-05-02T14:34:51Z" duration-ms="57258" status="PASS">
          <params>
            <param index="0">
              <value>
                <![CDATA[{Name=N Automation Name 2, ExpectedResult=Successful, Runmode=Y, Description=This is an Automation Test 2, Duration=60, Browser=Chrome}]]>
              </value>
            </param>
            <param index="1">
              <value>
                <![CDATA[public void com.openmrs.tests.ServiceTypeTest.T_008_CreateServiceTypes(java.util.Hashtable,java.lang.reflect.Method,org.testng.ITestContext)]]>
              </value>
            </param>
            <param index="2">
              <value>
                <![CDATA[org.testng.TestRunner@986bbc3]]>
              </value>
            </param>
          </params>
          <reporter-output>
          </reporter-output>
        </test-method> <!-- T_008_CreateServiceTypes -->
        <test-method signature="T_008_CreateServiceTypes(java.util.Hashtable, java.lang.reflect.Method, org.testng.ITestContext)[pri:0, instance:com.openmrs.tests.ServiceTypeTest@222545dc]" started-at="2020-05-02T14:33:54Z" name="T_008_CreateServiceTypes" description="Adding Service Type" finished-at="2020-05-02T14:34:56Z" duration-ms="61972" status="PASS">
          <params>
            <param index="0">
              <value>
                <![CDATA[{Name=Automation Name 1, ExpectedResult=Successful, Runmode=Y, Description=This is an Automation Test 1, Duration=30, Browser=Chrome}]]>
              </value>
            </param>
            <param index="1">
              <value>
                <![CDATA[public void com.openmrs.tests.ServiceTypeTest.T_008_CreateServiceTypes(java.util.Hashtable,java.lang.reflect.Method,org.testng.ITestContext)]]>
              </value>
            </param>
            <param index="2">
              <value>
                <![CDATA[org.testng.TestRunner@986bbc3]]>
              </value>
            </param>
          </params>
          <reporter-output>
          </reporter-output>
        </test-method> <!-- T_008_CreateServiceTypes -->
        <test-method signature="T_008_CreateServiceTypes(java.util.Hashtable, java.lang.reflect.Method, org.testng.ITestContext)[pri:0, instance:com.openmrs.tests.ServiceTypeTest@222545dc]" started-at="2020-05-02T14:33:56Z" name="T_008_CreateServiceTypes" description="Adding Service Type" finished-at="2020-05-02T14:34:58Z" duration-ms="62583" status="PASS">
          <params>
            <param index="0">
              <value>
                <![CDATA[{Name=Z Automation Name 3, ExpectedResult=Successful, Runmode=Y, Description=This is an Automation Test 3, Duration=90, Browser=Chrome}]]>
              </value>
            </param>
            <param index="1">
              <value>
                <![CDATA[public void com.openmrs.tests.ServiceTypeTest.T_008_CreateServiceTypes(java.util.Hashtable,java.lang.reflect.Method,org.testng.ITestContext)]]>
              </value>
            </param>
            <param index="2">
              <value>
                <![CDATA[org.testng.TestRunner@986bbc3]]>
              </value>
            </param>
          </params>
          <reporter-output>
          </reporter-output>
        </test-method> <!-- T_008_CreateServiceTypes -->
        <test-method is-config="true" signature="wrapUp()[pri:0, instance:com.openmrs.tests.ServiceTypeTest@222545dc]" started-at="2020-05-02T14:34:51Z" name="wrapUp" finished-at="2020-05-02T14:34:53Z" duration-ms="2099" status="PASS">
          <reporter-output>
          </reporter-output>
        </test-method> <!-- wrapUp -->
        <test-method is-config="true" signature="wrapUp()[pri:0, instance:com.openmrs.tests.ServiceTypeTest@222545dc]" started-at="2020-05-02T14:34:56Z" name="wrapUp" finished-at="2020-05-02T14:34:57Z" duration-ms="850" status="PASS">
          <reporter-output>
          </reporter-output>
        </test-method> <!-- wrapUp -->
        <test-method is-config="true" signature="wrapUp()[pri:0, instance:com.openmrs.tests.ServiceTypeTest@222545dc]" started-at="2020-05-02T14:34:58Z" name="wrapUp" finished-at="2020-05-02T14:35:01Z" duration-ms="2624" status="PASS">
          <reporter-output>
          </reporter-output>
        </test-method> <!-- wrapUp -->
        <test-method is-config="true" signature="setUp()[pri:0, instance:com.openmrs.tests.ServiceTypeTest@222545dc]" started-at="2020-05-02T14:35:01Z" name="setUp" finished-at="2020-05-02T14:35:14Z" duration-ms="13317" status="PASS">
          <reporter-output>
          </reporter-output>
        </test-method> <!-- setUp -->
        <test-method is-config="true" signature="setUp()[pri:0, instance:com.openmrs.tests.ServiceTypeTest@222545dc]" started-at="2020-05-02T14:35:01Z" name="setUp" finished-at="2020-05-02T14:35:14Z" duration-ms="13447" status="PASS">
          <reporter-output>
          </reporter-output>
        </test-method> <!-- setUp -->
        <test-method is-config="true" signature="setUp()[pri:0, instance:com.openmrs.tests.ServiceTypeTest@222545dc]" started-at="2020-05-02T14:35:01Z" name="setUp" finished-at="2020-05-02T14:35:14Z" duration-ms="13045" status="PASS">
          <reporter-output>
          </reporter-output>
        </test-method> <!-- setUp -->
        <test-method signature="T_009_VerifyServiceTypes(java.util.Hashtable, java.lang.reflect.Method, org.testng.ITestContext)[pri:0, instance:com.openmrs.tests.ServiceTypeTest@222545dc]" started-at="2020-05-02T14:35:14Z" name="T_009_VerifyServiceTypes" description="Verifying Service Type" finished-at="2020-05-02T14:35:39Z" duration-ms="25079" status="PASS">
          <params>
            <param index="0">
              <value>
                <![CDATA[{Name=Automation Name 1, ExpectedResult=Successful, Runmode=Y, Description=This is an Automation Test 1, Duration=30, Browser=Chrome}]]>
              </value>
            </param>
            <param index="1">
              <value>
                <![CDATA[public void com.openmrs.tests.ServiceTypeTest.T_009_VerifyServiceTypes(java.util.Hashtable,java.lang.reflect.Method,org.testng.ITestContext)]]>
              </value>
            </param>
            <param index="2">
              <value>
                <![CDATA[org.testng.TestRunner@986bbc3]]>
              </value>
            </param>
          </params>
          <reporter-output>
          </reporter-output>
        </test-method> <!-- T_009_VerifyServiceTypes -->
        <test-method signature="T_009_VerifyServiceTypes(java.util.Hashtable, java.lang.reflect.Method, org.testng.ITestContext)[pri:0, instance:com.openmrs.tests.ServiceTypeTest@222545dc]" started-at="2020-05-02T14:35:14Z" name="T_009_VerifyServiceTypes" description="Verifying Service Type" finished-at="2020-05-02T14:35:41Z" duration-ms="26457" status="PASS">
          <params>
            <param index="0">
              <value>
                <![CDATA[{Name=N Automation Name 2, ExpectedResult=Successful, Runmode=Y, Description=This is an Automation Test 2, Duration=60, Browser=Chrome}]]>
              </value>
            </param>
            <param index="1">
              <value>
                <![CDATA[public void com.openmrs.tests.ServiceTypeTest.T_009_VerifyServiceTypes(java.util.Hashtable,java.lang.reflect.Method,org.testng.ITestContext)]]>
              </value>
            </param>
            <param index="2">
              <value>
                <![CDATA[org.testng.TestRunner@986bbc3]]>
              </value>
            </param>
          </params>
          <reporter-output>
          </reporter-output>
        </test-method> <!-- T_009_VerifyServiceTypes -->
        <test-method signature="T_009_VerifyServiceTypes(java.util.Hashtable, java.lang.reflect.Method, org.testng.ITestContext)[pri:0, instance:com.openmrs.tests.ServiceTypeTest@222545dc]" started-at="2020-05-02T14:35:14Z" name="T_009_VerifyServiceTypes" description="Verifying Service Type" finished-at="2020-05-02T14:35:41Z" duration-ms="26411" status="PASS">
          <params>
            <param index="0">
              <value>
                <![CDATA[{Name=Z Automation Name 3, ExpectedResult=Successful, Runmode=Y, Description=This is an Automation Test 3, Duration=90, Browser=Chrome}]]>
              </value>
            </param>
            <param index="1">
              <value>
                <![CDATA[public void com.openmrs.tests.ServiceTypeTest.T_009_VerifyServiceTypes(java.util.Hashtable,java.lang.reflect.Method,org.testng.ITestContext)]]>
              </value>
            </param>
            <param index="2">
              <value>
                <![CDATA[org.testng.TestRunner@986bbc3]]>
              </value>
            </param>
          </params>
          <reporter-output>
          </reporter-output>
        </test-method> <!-- T_009_VerifyServiceTypes -->
        <test-method is-config="true" signature="wrapUp()[pri:0, instance:com.openmrs.tests.ServiceTypeTest@222545dc]" started-at="2020-05-02T14:35:39Z" name="wrapUp" finished-at="2020-05-02T14:35:42Z" duration-ms="3356" status="PASS">
          <reporter-output>
          </reporter-output>
        </test-method> <!-- wrapUp -->
        <test-method is-config="true" signature="wrapUp()[pri:0, instance:com.openmrs.tests.ServiceTypeTest@222545dc]" started-at="2020-05-02T14:35:41Z" name="wrapUp" finished-at="2020-05-02T14:35:42Z" duration-ms="1761" status="PASS">
          <reporter-output>
          </reporter-output>
        </test-method> <!-- wrapUp -->
        <test-method is-config="true" signature="wrapUp()[pri:0, instance:com.openmrs.tests.ServiceTypeTest@222545dc]" started-at="2020-05-02T14:35:41Z" name="wrapUp" finished-at="2020-05-02T14:35:42Z" duration-ms="1569" status="PASS">
          <reporter-output>
          </reporter-output>
        </test-method> <!-- wrapUp -->
      </class> <!-- com.openmrs.tests.ServiceTypeTest -->
    </test> <!-- Open MRS Automation Tests -->
  </suite> <!-- Open MRS Automation -->
</testng-results>
